


ARM Macro Assembler    Page 1 


    1 00000000         #line   1                "mbed-os\\targets\\TARGET_Silic
on_Labs\\TARGET_EFM32\\TARGET_EFM32GG11\\device\\TOOLCHAIN_ARM_STD\\startup_efm
32gg11.S"
    1 00000000         ; 
    2 00000000         
    3 00000000         
    4 00000000         
    5 00000000         
    6 00000000         
    7 00000000         
    8 00000000         
    9 00000000         
   10 00000000         
   11 00000000         
   12 00000000         
   13 00000000         
   14 00000000         
   15 00000000         
   16 00000000         
   17 00000000         
   18 00000000         
   19 00000000         
   20 00000000         
   21 00000000         
   22 00000000         
   23 00000000         
   24 00000000         ;
   25 00000000         
   26 00000000         
   27 00000000         
   28 00000000         ; <h> Stack Configuration
   29 00000000         ;   <o> Stack Size (in Bytes) <0x0-0xFFFFFFFF:8>
   30 00000000         ; </h>
   31 00000000         
   32 00000000 00004000 
                       Stack_Size
                               EQU              0x00004000
   33 00000000         
   34 00000000                 AREA             STACK, NOINIT, READWRITE, ALIGN
=3
   35 00000000         Stack_Mem
                               SPACE            Stack_Size
   36 00004000         __initial_sp
   37 00004000         
   38 00004000         
   39 00004000         ; <h> Heap Configuration
   40 00004000         ;   <o>  Heap Size (in Bytes) <0x0-0xFFFFFFFF:8>
   41 00004000         ; </h>
   42 00004000         
   43 00004000 00010000 
                       Heap_Size
                               EQU              0x00010000
   44 00004000         
   45 00004000                 AREA             HEAP, NOINIT, READWRITE, ALIGN=
3
   46 00000000         __heap_base
   47 00000000         Heap_Mem
                               SPACE            Heap_Size
   48 00010000         __heap_limit



ARM Macro Assembler    Page 2 


   49 00010000         
   50 00010000         
   51 00010000                 PRESERVE8
   52 00010000                 THUMB
   53 00010000         
   54 00010000         
   55 00010000         ; Vector Table Mapped to Address 0 at Reset
   56 00010000         
   57 00010000                 AREA             RESET, DATA, READONLY, ALIGN=8
   58 00000000                 EXPORT           __Vectors
   59 00000000                 EXPORT           __Vectors_End
   60 00000000                 EXPORT           __Vectors_Size
   61 00000000         
   62 00000000 00000000 
                       __Vectors
                               DCD              __initial_sp ; Top of Stack
   63 00000004 00000000        DCD              Reset_Handler ; Reset Handler
   64 00000008 00000000        DCD              NMI_Handler ; NMI Handler
   65 0000000C 00000000        DCD              HardFault_Handler ; Hard Fault 
                                                            Handler
   66 00000010 00000000        DCD              MemManage_Handler 
                                                            ; MPU Fault Handler
                                                            
   67 00000014 00000000        DCD              BusFault_Handler 
                                                            ; Bus Fault Handler
                                                            
   68 00000018 00000000        DCD              UsageFault_Handler ; Usage Faul
                                                            t Handler
   69 0000001C 00000000        DCD              0           ; Reserved
   70 00000020 00000000        DCD              0           ; Reserved
   71 00000024 00000000        DCD              0           ; Reserved
   72 00000028 00000000        DCD              0           ; Reserved
   73 0000002C 00000000        DCD              SVC_Handler ; SVCall Handler
   74 00000030 00000000        DCD              DebugMon_Handler ; Debug Monito
                                                            r Handler
   75 00000034 00000000        DCD              0           ; Reserved
   76 00000038 00000000        DCD              PendSV_Handler ; PendSV Handler
                                                            
   77 0000003C 00000000        DCD              SysTick_Handler 
                                                            ; SysTick Handler
   78 00000040         
   79 00000040         ; External Interrupts
   80 00000040         
   81 00000040 00000000        DCD              EMU_IRQHandler 
                                                            ; 0: EMU Interrupt
   82 00000044 00000000        DCD              WDOG0_IRQHandler ; 1: WDOG0 Int
                                                            errupt
   83 00000048 00000000        DCD              LDMA_IRQHandler 
                                                            ; 2: LDMA Interrupt
                                                            
   84 0000004C 00000000        DCD              GPIO_EVEN_IRQHandler ; 3: GPIO_
                                                            EVEN Interrupt
   85 00000050 00000000        DCD              SMU_IRQHandler 
                                                            ; 4: SMU Interrupt
   86 00000054 00000000        DCD              TIMER0_IRQHandler ; 5: TIMER0 I
                                                            nterrupt
   87 00000058 00000000        DCD              USART0_RX_IRQHandler ; 6: USART
                                                            0_RX Interrupt
   88 0000005C 00000000        DCD              USART0_TX_IRQHandler ; 7: USART



ARM Macro Assembler    Page 3 


                                                            0_TX Interrupt
   89 00000060 00000000        DCD              ACMP0_IRQHandler ; 8: ACMP0 Int
                                                            errupt
   90 00000064 00000000        DCD              ADC0_IRQHandler 
                                                            ; 9: ADC0 Interrupt
                                                            
   91 00000068 00000000        DCD              IDAC0_IRQHandler ; 10: IDAC0 In
                                                            terrupt
   92 0000006C 00000000        DCD              I2C0_IRQHandler ; 11: I2C0 Inte
                                                            rrupt
   93 00000070 00000000        DCD              I2C1_IRQHandler ; 12: I2C1 Inte
                                                            rrupt
   94 00000074 00000000        DCD              GPIO_ODD_IRQHandler ; 13: GPIO_
                                                            ODD Interrupt
   95 00000078 00000000        DCD              TIMER1_IRQHandler ; 14: TIMER1 
                                                            Interrupt
   96 0000007C 00000000        DCD              TIMER2_IRQHandler ; 15: TIMER2 
                                                            Interrupt
   97 00000080 00000000        DCD              TIMER3_IRQHandler ; 16: TIMER3 
                                                            Interrupt
   98 00000084 00000000        DCD              USART1_RX_IRQHandler ; 17: USAR
                                                            T1_RX Interrupt
   99 00000088 00000000        DCD              USART1_TX_IRQHandler ; 18: USAR
                                                            T1_TX Interrupt
  100 0000008C 00000000        DCD              USART2_RX_IRQHandler ; 19: USAR
                                                            T2_RX Interrupt
  101 00000090 00000000        DCD              USART2_TX_IRQHandler ; 20: USAR
                                                            T2_TX Interrupt
  102 00000094 00000000        DCD              UART0_RX_IRQHandler ; 21: UART0
                                                            _RX Interrupt
  103 00000098 00000000        DCD              UART0_TX_IRQHandler ; 22: UART0
                                                            _TX Interrupt
  104 0000009C 00000000        DCD              UART1_RX_IRQHandler ; 23: UART1
                                                            _RX Interrupt
  105 000000A0 00000000        DCD              UART1_TX_IRQHandler ; 24: UART1
                                                            _TX Interrupt
  106 000000A4 00000000        DCD              LEUART0_IRQHandler ; 25: LEUART
                                                            0 Interrupt
  107 000000A8 00000000        DCD              LEUART1_IRQHandler ; 26: LEUART
                                                            1 Interrupt
  108 000000AC 00000000        DCD              LETIMER0_IRQHandler ; 27: LETIM
                                                            ER0 Interrupt
  109 000000B0 00000000        DCD              PCNT0_IRQHandler ; 28: PCNT0 In
                                                            terrupt
  110 000000B4 00000000        DCD              PCNT1_IRQHandler ; 29: PCNT1 In
                                                            terrupt
  111 000000B8 00000000        DCD              PCNT2_IRQHandler ; 30: PCNT2 In
                                                            terrupt
  112 000000BC 00000000        DCD              RTCC_IRQHandler ; 31: RTCC Inte
                                                            rrupt
  113 000000C0 00000000        DCD              CMU_IRQHandler 
                                                            ; 32: CMU Interrupt
                                                            
  114 000000C4 00000000        DCD              MSC_IRQHandler 
                                                            ; 33: MSC Interrupt
                                                            
  115 000000C8 00000000        DCD              CRYPTO0_IRQHandler ; 34: CRYPTO
                                                            0 Interrupt
  116 000000CC 00000000        DCD              CRYOTIMER_IRQHandler ; 35: CRYO



ARM Macro Assembler    Page 4 


                                                            TIMER Interrupt
  117 000000D0 00000000        DCD              FPUEH_IRQHandler ; 36: FPUEH In
                                                            terrupt
  118 000000D4 00000000        DCD              USART3_RX_IRQHandler ; 37: USAR
                                                            T3_RX Interrupt
  119 000000D8 00000000        DCD              USART3_TX_IRQHandler ; 38: USAR
                                                            T3_TX Interrupt
  120 000000DC 00000000        DCD              USART4_RX_IRQHandler ; 39: USAR
                                                            T4_RX Interrupt
  121 000000E0 00000000        DCD              USART4_TX_IRQHandler ; 40: USAR
                                                            T4_TX Interrupt
  122 000000E4 00000000        DCD              WTIMER0_IRQHandler ; 41: WTIMER
                                                            0 Interrupt
  123 000000E8 00000000        DCD              WTIMER1_IRQHandler ; 42: WTIMER
                                                            1 Interrupt
  124 000000EC 00000000        DCD              WTIMER2_IRQHandler ; 43: WTIMER
                                                            2 Interrupt
  125 000000F0 00000000        DCD              WTIMER3_IRQHandler ; 44: WTIMER
                                                            3 Interrupt
  126 000000F4 00000000        DCD              I2C2_IRQHandler ; 45: I2C2 Inte
                                                            rrupt
  127 000000F8 00000000        DCD              VDAC0_IRQHandler ; 46: VDAC0 In
                                                            terrupt
  128 000000FC 00000000        DCD              TIMER4_IRQHandler ; 47: TIMER4 
                                                            Interrupt
  129 00000100 00000000        DCD              TIMER5_IRQHandler ; 48: TIMER5 
                                                            Interrupt
  130 00000104 00000000        DCD              TIMER6_IRQHandler ; 49: TIMER6 
                                                            Interrupt
  131 00000108 00000000        DCD              USART5_RX_IRQHandler ; 50: USAR
                                                            T5_RX Interrupt
  132 0000010C 00000000        DCD              USART5_TX_IRQHandler ; 51: USAR
                                                            T5_TX Interrupt
  133 00000110 00000000        DCD              CSEN_IRQHandler ; 52: CSEN Inte
                                                            rrupt
  134 00000114 00000000        DCD              LESENSE_IRQHandler ; 53: LESENS
                                                            E Interrupt
  135 00000118 00000000        DCD              EBI_IRQHandler 
                                                            ; 54: EBI Interrupt
                                                            
  136 0000011C 00000000        DCD              ACMP2_IRQHandler ; 55: ACMP2 In
                                                            terrupt
  137 00000120 00000000        DCD              ADC1_IRQHandler ; 56: ADC1 Inte
                                                            rrupt
  138 00000124 00000000        DCD              LCD_IRQHandler 
                                                            ; 57: LCD Interrupt
                                                            
  139 00000128 00000000        DCD              SDIO_IRQHandler ; 58: SDIO Inte
                                                            rrupt
  140 0000012C 00000000        DCD              ETH_IRQHandler 
                                                            ; 59: ETH Interrupt
                                                            
  141 00000130 00000000        DCD              CAN0_IRQHandler ; 60: CAN0 Inte
                                                            rrupt
  142 00000134 00000000        DCD              CAN1_IRQHandler ; 61: CAN1 Inte
                                                            rrupt
  143 00000138 00000000        DCD              USB_IRQHandler 
                                                            ; 62: USB Interrupt
                                                            



ARM Macro Assembler    Page 5 


  144 0000013C 00000000        DCD              RTC_IRQHandler 
                                                            ; 63: RTC Interrupt
                                                            
  145 00000140 00000000        DCD              WDOG1_IRQHandler ; 64: WDOG1 In
                                                            terrupt
  146 00000144 00000000        DCD              LETIMER1_IRQHandler ; 65: LETIM
                                                            ER1 Interrupt
  147 00000148 00000000        DCD              TRNG0_IRQHandler ; 66: TRNG0 In
                                                            terrupt
  148 0000014C 00000000        DCD              QSPI0_IRQHandler ; 67: QSPI0 In
                                                            terrupt
  149 00000150         
  150 00000150         __Vectors_End
  151 00000150 00000150 
                       __Vectors_Size
                               EQU              __Vectors_End - __Vectors
  152 00000150         
  153 00000150                 AREA             |.text|, CODE, READONLY
  154 00000000         
  155 00000000         
  156 00000000         ; Reset Handler
  157 00000000         
  158 00000000         Reset_Handler
                               PROC
  159 00000000                 EXPORT           Reset_Handler             [WEAK
]
  160 00000000                 IMPORT           SystemInit
  161 00000000                 IMPORT           __main
  162 00000000 4809            LDR              R0, =SystemInit
  163 00000002 4780            BLX              R0
  164 00000004 4809            LDR              R0, =__main
  165 00000006 4700            BX               R0
  166 00000008                 ENDP
  167 00000008         
  168 00000008         
  169 00000008         ; Dummy Exception Handlers (infinite loops which can be 
                       modified)
  170 00000008         
  171 00000008         NMI_Handler
                               PROC
  172 00000008                 EXPORT           NMI_Handler               [WEAK
]
  173 00000008 E7FE            B                .
  174 0000000A                 ENDP
  175 0000000A         HardFault_Handler
                               PROC
  176 0000000A         
  177 0000000A                 EXPORT           HardFault_Handler         [WEAK
]
  178 0000000A E7FE            B                .
  179 0000000C                 ENDP
  180 0000000C         MemManage_Handler
                               PROC
  181 0000000C         
  182 0000000C                 EXPORT           MemManage_Handler         [WEAK
]
  183 0000000C E7FE            B                .
  184 0000000E                 ENDP
  185 0000000E         BusFault_Handler



ARM Macro Assembler    Page 6 


                               PROC
  186 0000000E         
  187 0000000E                 EXPORT           BusFault_Handler          [WEAK
]
  188 0000000E E7FE            B                .
  189 00000010                 ENDP
  190 00000010         UsageFault_Handler
                               PROC
  191 00000010         
  192 00000010                 EXPORT           UsageFault_Handler        [WEAK
]
  193 00000010 E7FE            B                .
  194 00000012                 ENDP
  195 00000012         SVC_Handler
                               PROC
  196 00000012                 EXPORT           SVC_Handler               [WEAK
]
  197 00000012 E7FE            B                .
  198 00000014                 ENDP
  199 00000014         DebugMon_Handler
                               PROC
  200 00000014         
  201 00000014                 EXPORT           DebugMon_Handler          [WEAK
]
  202 00000014 E7FE            B                .
  203 00000016                 ENDP
  204 00000016         PendSV_Handler
                               PROC
  205 00000016                 EXPORT           PendSV_Handler            [WEAK
]
  206 00000016 E7FE            B                .
  207 00000018                 ENDP
  208 00000018         SysTick_Handler
                               PROC
  209 00000018                 EXPORT           SysTick_Handler           [WEAK
]
  210 00000018 E7FE            B                .
  211 0000001A                 ENDP
  212 0000001A         
  213 0000001A         Default_Handler
                               PROC
  214 0000001A         
  215 0000001A                 EXPORT           EMU_IRQHandler        [WEAK]
  216 0000001A                 EXPORT           WDOG0_IRQHandler        [WEAK]
  217 0000001A                 EXPORT           LDMA_IRQHandler        [WEAK]
  218 0000001A                 EXPORT           GPIO_EVEN_IRQHandler        [WE
AK]
  219 0000001A                 EXPORT           SMU_IRQHandler        [WEAK]
  220 0000001A                 EXPORT           TIMER0_IRQHandler        [WEAK]
  221 0000001A                 EXPORT           USART0_RX_IRQHandler        [WE
AK]
  222 0000001A                 EXPORT           USART0_TX_IRQHandler        [WE
AK]
  223 0000001A                 EXPORT           ACMP0_IRQHandler        [WEAK]
  224 0000001A                 EXPORT           ADC0_IRQHandler        [WEAK]
  225 0000001A                 EXPORT           IDAC0_IRQHandler        [WEAK]
  226 0000001A                 EXPORT           I2C0_IRQHandler        [WEAK]
  227 0000001A                 EXPORT           I2C1_IRQHandler        [WEAK]
  228 0000001A                 EXPORT           GPIO_ODD_IRQHandler        [WEA



ARM Macro Assembler    Page 7 


K]
  229 0000001A                 EXPORT           TIMER1_IRQHandler        [WEAK]
  230 0000001A                 EXPORT           TIMER2_IRQHandler        [WEAK]
  231 0000001A                 EXPORT           TIMER3_IRQHandler        [WEAK]
  232 0000001A                 EXPORT           USART1_RX_IRQHandler        [WE
AK]
  233 0000001A                 EXPORT           USART1_TX_IRQHandler        [WE
AK]
  234 0000001A                 EXPORT           USART2_RX_IRQHandler        [WE
AK]
  235 0000001A                 EXPORT           USART2_TX_IRQHandler        [WE
AK]
  236 0000001A                 EXPORT           UART0_RX_IRQHandler        [WEA
K]
  237 0000001A                 EXPORT           UART0_TX_IRQHandler        [WEA
K]
  238 0000001A                 EXPORT           UART1_RX_IRQHandler        [WEA
K]
  239 0000001A                 EXPORT           UART1_TX_IRQHandler        [WEA
K]
  240 0000001A                 EXPORT           LEUART0_IRQHandler        [WEAK
]
  241 0000001A                 EXPORT           LEUART1_IRQHandler        [WEAK
]
  242 0000001A                 EXPORT           LETIMER0_IRQHandler        [WEA
K]
  243 0000001A                 EXPORT           PCNT0_IRQHandler        [WEAK]
  244 0000001A                 EXPORT           PCNT1_IRQHandler        [WEAK]
  245 0000001A                 EXPORT           PCNT2_IRQHandler        [WEAK]
  246 0000001A                 EXPORT           RTCC_IRQHandler        [WEAK]
  247 0000001A                 EXPORT           CMU_IRQHandler        [WEAK]
  248 0000001A                 EXPORT           MSC_IRQHandler        [WEAK]
  249 0000001A                 EXPORT           CRYPTO0_IRQHandler        [WEAK
]
  250 0000001A                 EXPORT           CRYOTIMER_IRQHandler        [WE
AK]
  251 0000001A                 EXPORT           FPUEH_IRQHandler        [WEAK]
  252 0000001A                 EXPORT           USART3_RX_IRQHandler        [WE
AK]
  253 0000001A                 EXPORT           USART3_TX_IRQHandler        [WE
AK]
  254 0000001A                 EXPORT           USART4_RX_IRQHandler        [WE
AK]
  255 0000001A                 EXPORT           USART4_TX_IRQHandler        [WE
AK]
  256 0000001A                 EXPORT           WTIMER0_IRQHandler        [WEAK
]
  257 0000001A                 EXPORT           WTIMER1_IRQHandler        [WEAK
]
  258 0000001A                 EXPORT           WTIMER2_IRQHandler        [WEAK
]
  259 0000001A                 EXPORT           WTIMER3_IRQHandler        [WEAK
]
  260 0000001A                 EXPORT           I2C2_IRQHandler        [WEAK]
  261 0000001A                 EXPORT           VDAC0_IRQHandler        [WEAK]
  262 0000001A                 EXPORT           TIMER4_IRQHandler        [WEAK]
  263 0000001A                 EXPORT           TIMER5_IRQHandler        [WEAK]
  264 0000001A                 EXPORT           TIMER6_IRQHandler        [WEAK]
  265 0000001A                 EXPORT           USART5_RX_IRQHandler        [WE



ARM Macro Assembler    Page 8 


AK]
  266 0000001A                 EXPORT           USART5_TX_IRQHandler        [WE
AK]
  267 0000001A                 EXPORT           CSEN_IRQHandler        [WEAK]
  268 0000001A                 EXPORT           LESENSE_IRQHandler        [WEAK
]
  269 0000001A                 EXPORT           EBI_IRQHandler        [WEAK]
  270 0000001A                 EXPORT           ACMP2_IRQHandler        [WEAK]
  271 0000001A                 EXPORT           ADC1_IRQHandler        [WEAK]
  272 0000001A                 EXPORT           LCD_IRQHandler        [WEAK]
  273 0000001A                 EXPORT           SDIO_IRQHandler        [WEAK]
  274 0000001A                 EXPORT           ETH_IRQHandler        [WEAK]
  275 0000001A                 EXPORT           CAN0_IRQHandler        [WEAK]
  276 0000001A                 EXPORT           CAN1_IRQHandler        [WEAK]
  277 0000001A                 EXPORT           USB_IRQHandler        [WEAK]
  278 0000001A                 EXPORT           RTC_IRQHandler        [WEAK]
  279 0000001A                 EXPORT           WDOG1_IRQHandler        [WEAK]
  280 0000001A                 EXPORT           LETIMER1_IRQHandler        [WEA
K]
  281 0000001A                 EXPORT           TRNG0_IRQHandler        [WEAK]
  282 0000001A                 EXPORT           QSPI0_IRQHandler        [WEAK]
  283 0000001A         
  284 0000001A         
  285 0000001A         EMU_IRQHandler
  286 0000001A         WDOG0_IRQHandler
  287 0000001A         LDMA_IRQHandler
  288 0000001A         GPIO_EVEN_IRQHandler
  289 0000001A         SMU_IRQHandler
  290 0000001A         TIMER0_IRQHandler
  291 0000001A         USART0_RX_IRQHandler
  292 0000001A         USART0_TX_IRQHandler
  293 0000001A         ACMP0_IRQHandler
  294 0000001A         ADC0_IRQHandler
  295 0000001A         IDAC0_IRQHandler
  296 0000001A         I2C0_IRQHandler
  297 0000001A         I2C1_IRQHandler
  298 0000001A         GPIO_ODD_IRQHandler
  299 0000001A         TIMER1_IRQHandler
  300 0000001A         TIMER2_IRQHandler
  301 0000001A         TIMER3_IRQHandler
  302 0000001A         USART1_RX_IRQHandler
  303 0000001A         USART1_TX_IRQHandler
  304 0000001A         USART2_RX_IRQHandler
  305 0000001A         USART2_TX_IRQHandler
  306 0000001A         UART0_RX_IRQHandler
  307 0000001A         UART0_TX_IRQHandler
  308 0000001A         UART1_RX_IRQHandler
  309 0000001A         UART1_TX_IRQHandler
  310 0000001A         LEUART0_IRQHandler
  311 0000001A         LEUART1_IRQHandler
  312 0000001A         LETIMER0_IRQHandler
  313 0000001A         PCNT0_IRQHandler
  314 0000001A         PCNT1_IRQHandler
  315 0000001A         PCNT2_IRQHandler
  316 0000001A         RTCC_IRQHandler
  317 0000001A         CMU_IRQHandler
  318 0000001A         MSC_IRQHandler
  319 0000001A         CRYPTO0_IRQHandler
  320 0000001A         CRYOTIMER_IRQHandler



ARM Macro Assembler    Page 9 


  321 0000001A         FPUEH_IRQHandler
  322 0000001A         USART3_RX_IRQHandler
  323 0000001A         USART3_TX_IRQHandler
  324 0000001A         USART4_RX_IRQHandler
  325 0000001A         USART4_TX_IRQHandler
  326 0000001A         WTIMER0_IRQHandler
  327 0000001A         WTIMER1_IRQHandler
  328 0000001A         WTIMER2_IRQHandler
  329 0000001A         WTIMER3_IRQHandler
  330 0000001A         I2C2_IRQHandler
  331 0000001A         VDAC0_IRQHandler
  332 0000001A         TIMER4_IRQHandler
  333 0000001A         TIMER5_IRQHandler
  334 0000001A         TIMER6_IRQHandler
  335 0000001A         USART5_RX_IRQHandler
  336 0000001A         USART5_TX_IRQHandler
  337 0000001A         CSEN_IRQHandler
  338 0000001A         LESENSE_IRQHandler
  339 0000001A         EBI_IRQHandler
  340 0000001A         ACMP2_IRQHandler
  341 0000001A         ADC1_IRQHandler
  342 0000001A         LCD_IRQHandler
  343 0000001A         SDIO_IRQHandler
  344 0000001A         ETH_IRQHandler
  345 0000001A         CAN0_IRQHandler
  346 0000001A         CAN1_IRQHandler
  347 0000001A         USB_IRQHandler
  348 0000001A         RTC_IRQHandler
  349 0000001A         WDOG1_IRQHandler
  350 0000001A         LETIMER1_IRQHandler
  351 0000001A         TRNG0_IRQHandler
  352 0000001A         QSPI0_IRQHandler
  353 0000001A E7FE            B                .
  354 0000001C                 ENDP
  355 0000001C         
  356 0000001C                 ALIGN
  357 0000001C         
  358 0000001C         ; User Initial Stack & Heap
  359 0000001C         
  360 0000001C                 IMPORT           __use_two_region_memory
  361 0000001C                 EXPORT           __user_initial_stackheap
  362 0000001C         
  363 0000001C         __user_initial_stackheap
                               PROC
  364 0000001C 4804            LDR              R0, =  Heap_Mem
  365 0000001E 4905            LDR              R1, =(Stack_Mem + Stack_Size)
  366 00000020 4A05            LDR              R2, = (Heap_Mem +  Heap_Size)
  367 00000022 4B06            LDR              R3, = Stack_Mem
  368 00000024 4770            BX               LR
  369 00000026                 ENDP
  370 00000026         
  371 00000026 00 00           ALIGN
  372 00000028         
  373 00000028                 END
              00000000 
              00000000 
              00000000 
              00004000 
              00010000 



ARM Macro Assembler    Page 10 


              00000000 
Command Line: --debug --xref --cpreproc --diag_suppress=9931 --cpu=Cortex-M4.fp
 --apcs=interwork --depend=.\build\startup_efm32gg11.d -o.\build\startup_efm32g
g11.o -I.\RTE\_mbed-os-gg11-Si7201 -IC:\Keil_v5\ARM\PACK\SiliconLabs\EFM32GG11B
_DFP\5.7.0\Device\SiliconLabs\EFM32GG11B\Include -IC:\Keil_v5\ARM\CMSIS\Include
 -IC:\Keil_v5\ARM\PACK\SiliconLabs\EFM32GG11B_DFP\5.7.0 --predefine="__UVISION_
VERSION SETA 525" --predefine="EFM32GG11B820F2048GL192 SETA 1" --cpreproc_opts=
-D__ASSERT_MSG,-DTRANSACTION_QUEUE_SIZE_SPI=4,-DEFM32GG11B820F2048GL192,-DARM_M
ATH_CM4,-D__FPU_PRESENT=1,-DEM_MSC_RUN_FROM_FLASH,-D__MBED_CMSIS_RTOS_CM,-D__CM
SIS_RTOS,-D__CORTEX_M4,-DMBED_TICKLESS,-DMBEDTLS_CONFIG_HW_SUPPORT --list=.\bui
ld\startup_efm32gg11.lst mbed-os\targets\TARGET_Silicon_Labs\TARGET_EFM32\TARGE
T_EFM32GG11\device\TOOLCHAIN_ARM_STD\startup_efm32gg11.S



ARM Macro Assembler    Page 1 Alphabetic symbol ordering
Relocatable symbols

STACK 00000000

Symbol: STACK
   Definitions
      At line 34 in file mbed-os\\targets\\TARGET_Silicon_Labs\\TARGET_EFM32\\T
ARGET_EFM32GG11\\device\\TOOLCHAIN_ARM_STD\\startup_efm32gg11.S
   Uses
      None
Comment: STACK unused
Stack_Mem 00000000

Symbol: Stack_Mem
   Definitions
      At line 35 in file mbed-os\\targets\\TARGET_Silicon_Labs\\TARGET_EFM32\\T
ARGET_EFM32GG11\\device\\TOOLCHAIN_ARM_STD\\startup_efm32gg11.S
   Uses
      At line 365 in file mbed-os\\targets\\TARGET_Silicon_Labs\\TARGET_EFM32\\
TARGET_EFM32GG11\\device\\TOOLCHAIN_ARM_STD\\startup_efm32gg11.S
      At line 367 in file mbed-os\\targets\\TARGET_Silicon_Labs\\TARGET_EFM32\\
TARGET_EFM32GG11\\device\\TOOLCHAIN_ARM_STD\\startup_efm32gg11.S

__initial_sp 00004000

Symbol: __initial_sp
   Definitions
      At line 36 in file mbed-os\\targets\\TARGET_Silicon_Labs\\TARGET_EFM32\\T
ARGET_EFM32GG11\\device\\TOOLCHAIN_ARM_STD\\startup_efm32gg11.S
   Uses
      At line 62 in file mbed-os\\targets\\TARGET_Silicon_Labs\\TARGET_EFM32\\T
ARGET_EFM32GG11\\device\\TOOLCHAIN_ARM_STD\\startup_efm32gg11.S
Comment: __initial_sp used once
3 symbols



ARM Macro Assembler    Page 1 Alphabetic symbol ordering
Relocatable symbols

HEAP 00000000

Symbol: HEAP
   Definitions
      At line 45 in file mbed-os\\targets\\TARGET_Silicon_Labs\\TARGET_EFM32\\T
ARGET_EFM32GG11\\device\\TOOLCHAIN_ARM_STD\\startup_efm32gg11.S
   Uses
      None
Comment: HEAP unused
Heap_Mem 00000000

Symbol: Heap_Mem
   Definitions
      At line 47 in file mbed-os\\targets\\TARGET_Silicon_Labs\\TARGET_EFM32\\T
ARGET_EFM32GG11\\device\\TOOLCHAIN_ARM_STD\\startup_efm32gg11.S
   Uses
      At line 364 in file mbed-os\\targets\\TARGET_Silicon_Labs\\TARGET_EFM32\\
TARGET_EFM32GG11\\device\\TOOLCHAIN_ARM_STD\\startup_efm32gg11.S
      At line 366 in file mbed-os\\targets\\TARGET_Silicon_Labs\\TARGET_EFM32\\
TARGET_EFM32GG11\\device\\TOOLCHAIN_ARM_STD\\startup_efm32gg11.S

__heap_base 00000000

Symbol: __heap_base
   Definitions
      At line 46 in file mbed-os\\targets\\TARGET_Silicon_Labs\\TARGET_EFM32\\T
ARGET_EFM32GG11\\device\\TOOLCHAIN_ARM_STD\\startup_efm32gg11.S
   Uses
      None
Comment: __heap_base unused
__heap_limit 00010000

Symbol: __heap_limit
   Definitions
      At line 48 in file mbed-os\\targets\\TARGET_Silicon_Labs\\TARGET_EFM32\\T
ARGET_EFM32GG11\\device\\TOOLCHAIN_ARM_STD\\startup_efm32gg11.S
   Uses
      None
Comment: __heap_limit unused
4 symbols



ARM Macro Assembler    Page 1 Alphabetic symbol ordering
Relocatable symbols

RESET 00000000

Symbol: RESET
   Definitions
      At line 57 in file mbed-os\\targets\\TARGET_Silicon_Labs\\TARGET_EFM32\\T
ARGET_EFM32GG11\\device\\TOOLCHAIN_ARM_STD\\startup_efm32gg11.S
   Uses
      None
Comment: RESET unused
__Vectors 00000000

Symbol: __Vectors
   Definitions
      At line 62 in file mbed-os\\targets\\TARGET_Silicon_Labs\\TARGET_EFM32\\T
ARGET_EFM32GG11\\device\\TOOLCHAIN_ARM_STD\\startup_efm32gg11.S
   Uses
      At line 58 in file mbed-os\\targets\\TARGET_Silicon_Labs\\TARGET_EFM32\\T
ARGET_EFM32GG11\\device\\TOOLCHAIN_ARM_STD\\startup_efm32gg11.S
      At line 151 in file mbed-os\\targets\\TARGET_Silicon_Labs\\TARGET_EFM32\\
TARGET_EFM32GG11\\device\\TOOLCHAIN_ARM_STD\\startup_efm32gg11.S

__Vectors_End 00000150

Symbol: __Vectors_End
   Definitions
      At line 150 in file mbed-os\\targets\\TARGET_Silicon_Labs\\TARGET_EFM32\\
TARGET_EFM32GG11\\device\\TOOLCHAIN_ARM_STD\\startup_efm32gg11.S
   Uses
      At line 59 in file mbed-os\\targets\\TARGET_Silicon_Labs\\TARGET_EFM32\\T
ARGET_EFM32GG11\\device\\TOOLCHAIN_ARM_STD\\startup_efm32gg11.S
      At line 151 in file mbed-os\\targets\\TARGET_Silicon_Labs\\TARGET_EFM32\\
TARGET_EFM32GG11\\device\\TOOLCHAIN_ARM_STD\\startup_efm32gg11.S

3 symbols



ARM Macro Assembler    Page 1 Alphabetic symbol ordering
Relocatable symbols

.text 00000000

Symbol: .text
   Definitions
      At line 153 in file mbed-os\\targets\\TARGET_Silicon_Labs\\TARGET_EFM32\\
TARGET_EFM32GG11\\device\\TOOLCHAIN_ARM_STD\\startup_efm32gg11.S
   Uses
      None
Comment: .text unused
ACMP0_IRQHandler 0000001A

Symbol: ACMP0_IRQHandler
   Definitions
      At line 293 in file mbed-os\\targets\\TARGET_Silicon_Labs\\TARGET_EFM32\\
TARGET_EFM32GG11\\device\\TOOLCHAIN_ARM_STD\\startup_efm32gg11.S
   Uses
      At line 89 in file mbed-os\\targets\\TARGET_Silicon_Labs\\TARGET_EFM32\\T
ARGET_EFM32GG11\\device\\TOOLCHAIN_ARM_STD\\startup_efm32gg11.S
      At line 223 in file mbed-os\\targets\\TARGET_Silicon_Labs\\TARGET_EFM32\\
TARGET_EFM32GG11\\device\\TOOLCHAIN_ARM_STD\\startup_efm32gg11.S

ACMP2_IRQHandler 0000001A

Symbol: ACMP2_IRQHandler
   Definitions
      At line 340 in file mbed-os\\targets\\TARGET_Silicon_Labs\\TARGET_EFM32\\
TARGET_EFM32GG11\\device\\TOOLCHAIN_ARM_STD\\startup_efm32gg11.S
   Uses
      At line 136 in file mbed-os\\targets\\TARGET_Silicon_Labs\\TARGET_EFM32\\
TARGET_EFM32GG11\\device\\TOOLCHAIN_ARM_STD\\startup_efm32gg11.S
      At line 270 in file mbed-os\\targets\\TARGET_Silicon_Labs\\TARGET_EFM32\\
TARGET_EFM32GG11\\device\\TOOLCHAIN_ARM_STD\\startup_efm32gg11.S

ADC0_IRQHandler 0000001A

Symbol: ADC0_IRQHandler
   Definitions
      At line 294 in file mbed-os\\targets\\TARGET_Silicon_Labs\\TARGET_EFM32\\
TARGET_EFM32GG11\\device\\TOOLCHAIN_ARM_STD\\startup_efm32gg11.S
   Uses
      At line 90 in file mbed-os\\targets\\TARGET_Silicon_Labs\\TARGET_EFM32\\T
ARGET_EFM32GG11\\device\\TOOLCHAIN_ARM_STD\\startup_efm32gg11.S
      At line 224 in file mbed-os\\targets\\TARGET_Silicon_Labs\\TARGET_EFM32\\
TARGET_EFM32GG11\\device\\TOOLCHAIN_ARM_STD\\startup_efm32gg11.S

ADC1_IRQHandler 0000001A

Symbol: ADC1_IRQHandler
   Definitions
      At line 341 in file mbed-os\\targets\\TARGET_Silicon_Labs\\TARGET_EFM32\\
TARGET_EFM32GG11\\device\\TOOLCHAIN_ARM_STD\\startup_efm32gg11.S
   Uses
      At line 137 in file mbed-os\\targets\\TARGET_Silicon_Labs\\TARGET_EFM32\\
TARGET_EFM32GG11\\device\\TOOLCHAIN_ARM_STD\\startup_efm32gg11.S
      At line 271 in file mbed-os\\targets\\TARGET_Silicon_Labs\\TARGET_EFM32\\
TARGET_EFM32GG11\\device\\TOOLCHAIN_ARM_STD\\startup_efm32gg11.S

BusFault_Handler 0000000E




ARM Macro Assembler    Page 2 Alphabetic symbol ordering
Relocatable symbols

Symbol: BusFault_Handler
   Definitions
      At line 185 in file mbed-os\\targets\\TARGET_Silicon_Labs\\TARGET_EFM32\\
TARGET_EFM32GG11\\device\\TOOLCHAIN_ARM_STD\\startup_efm32gg11.S
   Uses
      At line 67 in file mbed-os\\targets\\TARGET_Silicon_Labs\\TARGET_EFM32\\T
ARGET_EFM32GG11\\device\\TOOLCHAIN_ARM_STD\\startup_efm32gg11.S
      At line 187 in file mbed-os\\targets\\TARGET_Silicon_Labs\\TARGET_EFM32\\
TARGET_EFM32GG11\\device\\TOOLCHAIN_ARM_STD\\startup_efm32gg11.S

CAN0_IRQHandler 0000001A

Symbol: CAN0_IRQHandler
   Definitions
      At line 345 in file mbed-os\\targets\\TARGET_Silicon_Labs\\TARGET_EFM32\\
TARGET_EFM32GG11\\device\\TOOLCHAIN_ARM_STD\\startup_efm32gg11.S
   Uses
      At line 141 in file mbed-os\\targets\\TARGET_Silicon_Labs\\TARGET_EFM32\\
TARGET_EFM32GG11\\device\\TOOLCHAIN_ARM_STD\\startup_efm32gg11.S
      At line 275 in file mbed-os\\targets\\TARGET_Silicon_Labs\\TARGET_EFM32\\
TARGET_EFM32GG11\\device\\TOOLCHAIN_ARM_STD\\startup_efm32gg11.S

CAN1_IRQHandler 0000001A

Symbol: CAN1_IRQHandler
   Definitions
      At line 346 in file mbed-os\\targets\\TARGET_Silicon_Labs\\TARGET_EFM32\\
TARGET_EFM32GG11\\device\\TOOLCHAIN_ARM_STD\\startup_efm32gg11.S
   Uses
      At line 142 in file mbed-os\\targets\\TARGET_Silicon_Labs\\TARGET_EFM32\\
TARGET_EFM32GG11\\device\\TOOLCHAIN_ARM_STD\\startup_efm32gg11.S
      At line 276 in file mbed-os\\targets\\TARGET_Silicon_Labs\\TARGET_EFM32\\
TARGET_EFM32GG11\\device\\TOOLCHAIN_ARM_STD\\startup_efm32gg11.S

CMU_IRQHandler 0000001A

Symbol: CMU_IRQHandler
   Definitions
      At line 317 in file mbed-os\\targets\\TARGET_Silicon_Labs\\TARGET_EFM32\\
TARGET_EFM32GG11\\device\\TOOLCHAIN_ARM_STD\\startup_efm32gg11.S
   Uses
      At line 113 in file mbed-os\\targets\\TARGET_Silicon_Labs\\TARGET_EFM32\\
TARGET_EFM32GG11\\device\\TOOLCHAIN_ARM_STD\\startup_efm32gg11.S
      At line 247 in file mbed-os\\targets\\TARGET_Silicon_Labs\\TARGET_EFM32\\
TARGET_EFM32GG11\\device\\TOOLCHAIN_ARM_STD\\startup_efm32gg11.S

CRYOTIMER_IRQHandler 0000001A

Symbol: CRYOTIMER_IRQHandler
   Definitions
      At line 320 in file mbed-os\\targets\\TARGET_Silicon_Labs\\TARGET_EFM32\\
TARGET_EFM32GG11\\device\\TOOLCHAIN_ARM_STD\\startup_efm32gg11.S
   Uses
      At line 116 in file mbed-os\\targets\\TARGET_Silicon_Labs\\TARGET_EFM32\\
TARGET_EFM32GG11\\device\\TOOLCHAIN_ARM_STD\\startup_efm32gg11.S
      At line 250 in file mbed-os\\targets\\TARGET_Silicon_Labs\\TARGET_EFM32\\
TARGET_EFM32GG11\\device\\TOOLCHAIN_ARM_STD\\startup_efm32gg11.S

CRYPTO0_IRQHandler 0000001A



ARM Macro Assembler    Page 3 Alphabetic symbol ordering
Relocatable symbols


Symbol: CRYPTO0_IRQHandler
   Definitions
      At line 319 in file mbed-os\\targets\\TARGET_Silicon_Labs\\TARGET_EFM32\\
TARGET_EFM32GG11\\device\\TOOLCHAIN_ARM_STD\\startup_efm32gg11.S
   Uses
      At line 115 in file mbed-os\\targets\\TARGET_Silicon_Labs\\TARGET_EFM32\\
TARGET_EFM32GG11\\device\\TOOLCHAIN_ARM_STD\\startup_efm32gg11.S
      At line 249 in file mbed-os\\targets\\TARGET_Silicon_Labs\\TARGET_EFM32\\
TARGET_EFM32GG11\\device\\TOOLCHAIN_ARM_STD\\startup_efm32gg11.S

CSEN_IRQHandler 0000001A

Symbol: CSEN_IRQHandler
   Definitions
      At line 337 in file mbed-os\\targets\\TARGET_Silicon_Labs\\TARGET_EFM32\\
TARGET_EFM32GG11\\device\\TOOLCHAIN_ARM_STD\\startup_efm32gg11.S
   Uses
      At line 133 in file mbed-os\\targets\\TARGET_Silicon_Labs\\TARGET_EFM32\\
TARGET_EFM32GG11\\device\\TOOLCHAIN_ARM_STD\\startup_efm32gg11.S
      At line 267 in file mbed-os\\targets\\TARGET_Silicon_Labs\\TARGET_EFM32\\
TARGET_EFM32GG11\\device\\TOOLCHAIN_ARM_STD\\startup_efm32gg11.S

DebugMon_Handler 00000014

Symbol: DebugMon_Handler
   Definitions
      At line 199 in file mbed-os\\targets\\TARGET_Silicon_Labs\\TARGET_EFM32\\
TARGET_EFM32GG11\\device\\TOOLCHAIN_ARM_STD\\startup_efm32gg11.S
   Uses
      At line 74 in file mbed-os\\targets\\TARGET_Silicon_Labs\\TARGET_EFM32\\T
ARGET_EFM32GG11\\device\\TOOLCHAIN_ARM_STD\\startup_efm32gg11.S
      At line 201 in file mbed-os\\targets\\TARGET_Silicon_Labs\\TARGET_EFM32\\
TARGET_EFM32GG11\\device\\TOOLCHAIN_ARM_STD\\startup_efm32gg11.S

Default_Handler 0000001A

Symbol: Default_Handler
   Definitions
      At line 213 in file mbed-os\\targets\\TARGET_Silicon_Labs\\TARGET_EFM32\\
TARGET_EFM32GG11\\device\\TOOLCHAIN_ARM_STD\\startup_efm32gg11.S
   Uses
      None
Comment: Default_Handler unused
EBI_IRQHandler 0000001A

Symbol: EBI_IRQHandler
   Definitions
      At line 339 in file mbed-os\\targets\\TARGET_Silicon_Labs\\TARGET_EFM32\\
TARGET_EFM32GG11\\device\\TOOLCHAIN_ARM_STD\\startup_efm32gg11.S
   Uses
      At line 135 in file mbed-os\\targets\\TARGET_Silicon_Labs\\TARGET_EFM32\\
TARGET_EFM32GG11\\device\\TOOLCHAIN_ARM_STD\\startup_efm32gg11.S
      At line 269 in file mbed-os\\targets\\TARGET_Silicon_Labs\\TARGET_EFM32\\
TARGET_EFM32GG11\\device\\TOOLCHAIN_ARM_STD\\startup_efm32gg11.S

EMU_IRQHandler 0000001A

Symbol: EMU_IRQHandler



ARM Macro Assembler    Page 4 Alphabetic symbol ordering
Relocatable symbols

   Definitions
      At line 285 in file mbed-os\\targets\\TARGET_Silicon_Labs\\TARGET_EFM32\\
TARGET_EFM32GG11\\device\\TOOLCHAIN_ARM_STD\\startup_efm32gg11.S
   Uses
      At line 81 in file mbed-os\\targets\\TARGET_Silicon_Labs\\TARGET_EFM32\\T
ARGET_EFM32GG11\\device\\TOOLCHAIN_ARM_STD\\startup_efm32gg11.S
      At line 215 in file mbed-os\\targets\\TARGET_Silicon_Labs\\TARGET_EFM32\\
TARGET_EFM32GG11\\device\\TOOLCHAIN_ARM_STD\\startup_efm32gg11.S

ETH_IRQHandler 0000001A

Symbol: ETH_IRQHandler
   Definitions
      At line 344 in file mbed-os\\targets\\TARGET_Silicon_Labs\\TARGET_EFM32\\
TARGET_EFM32GG11\\device\\TOOLCHAIN_ARM_STD\\startup_efm32gg11.S
   Uses
      At line 140 in file mbed-os\\targets\\TARGET_Silicon_Labs\\TARGET_EFM32\\
TARGET_EFM32GG11\\device\\TOOLCHAIN_ARM_STD\\startup_efm32gg11.S
      At line 274 in file mbed-os\\targets\\TARGET_Silicon_Labs\\TARGET_EFM32\\
TARGET_EFM32GG11\\device\\TOOLCHAIN_ARM_STD\\startup_efm32gg11.S

FPUEH_IRQHandler 0000001A

Symbol: FPUEH_IRQHandler
   Definitions
      At line 321 in file mbed-os\\targets\\TARGET_Silicon_Labs\\TARGET_EFM32\\
TARGET_EFM32GG11\\device\\TOOLCHAIN_ARM_STD\\startup_efm32gg11.S
   Uses
      At line 117 in file mbed-os\\targets\\TARGET_Silicon_Labs\\TARGET_EFM32\\
TARGET_EFM32GG11\\device\\TOOLCHAIN_ARM_STD\\startup_efm32gg11.S
      At line 251 in file mbed-os\\targets\\TARGET_Silicon_Labs\\TARGET_EFM32\\
TARGET_EFM32GG11\\device\\TOOLCHAIN_ARM_STD\\startup_efm32gg11.S

GPIO_EVEN_IRQHandler 0000001A

Symbol: GPIO_EVEN_IRQHandler
   Definitions
      At line 288 in file mbed-os\\targets\\TARGET_Silicon_Labs\\TARGET_EFM32\\
TARGET_EFM32GG11\\device\\TOOLCHAIN_ARM_STD\\startup_efm32gg11.S
   Uses
      At line 84 in file mbed-os\\targets\\TARGET_Silicon_Labs\\TARGET_EFM32\\T
ARGET_EFM32GG11\\device\\TOOLCHAIN_ARM_STD\\startup_efm32gg11.S
      At line 218 in file mbed-os\\targets\\TARGET_Silicon_Labs\\TARGET_EFM32\\
TARGET_EFM32GG11\\device\\TOOLCHAIN_ARM_STD\\startup_efm32gg11.S

GPIO_ODD_IRQHandler 0000001A

Symbol: GPIO_ODD_IRQHandler
   Definitions
      At line 298 in file mbed-os\\targets\\TARGET_Silicon_Labs\\TARGET_EFM32\\
TARGET_EFM32GG11\\device\\TOOLCHAIN_ARM_STD\\startup_efm32gg11.S
   Uses
      At line 94 in file mbed-os\\targets\\TARGET_Silicon_Labs\\TARGET_EFM32\\T
ARGET_EFM32GG11\\device\\TOOLCHAIN_ARM_STD\\startup_efm32gg11.S
      At line 228 in file mbed-os\\targets\\TARGET_Silicon_Labs\\TARGET_EFM32\\
TARGET_EFM32GG11\\device\\TOOLCHAIN_ARM_STD\\startup_efm32gg11.S

HardFault_Handler 0000000A




ARM Macro Assembler    Page 5 Alphabetic symbol ordering
Relocatable symbols

Symbol: HardFault_Handler
   Definitions
      At line 175 in file mbed-os\\targets\\TARGET_Silicon_Labs\\TARGET_EFM32\\
TARGET_EFM32GG11\\device\\TOOLCHAIN_ARM_STD\\startup_efm32gg11.S
   Uses
      At line 65 in file mbed-os\\targets\\TARGET_Silicon_Labs\\TARGET_EFM32\\T
ARGET_EFM32GG11\\device\\TOOLCHAIN_ARM_STD\\startup_efm32gg11.S
      At line 177 in file mbed-os\\targets\\TARGET_Silicon_Labs\\TARGET_EFM32\\
TARGET_EFM32GG11\\device\\TOOLCHAIN_ARM_STD\\startup_efm32gg11.S

I2C0_IRQHandler 0000001A

Symbol: I2C0_IRQHandler
   Definitions
      At line 296 in file mbed-os\\targets\\TARGET_Silicon_Labs\\TARGET_EFM32\\
TARGET_EFM32GG11\\device\\TOOLCHAIN_ARM_STD\\startup_efm32gg11.S
   Uses
      At line 92 in file mbed-os\\targets\\TARGET_Silicon_Labs\\TARGET_EFM32\\T
ARGET_EFM32GG11\\device\\TOOLCHAIN_ARM_STD\\startup_efm32gg11.S
      At line 226 in file mbed-os\\targets\\TARGET_Silicon_Labs\\TARGET_EFM32\\
TARGET_EFM32GG11\\device\\TOOLCHAIN_ARM_STD\\startup_efm32gg11.S

I2C1_IRQHandler 0000001A

Symbol: I2C1_IRQHandler
   Definitions
      At line 297 in file mbed-os\\targets\\TARGET_Silicon_Labs\\TARGET_EFM32\\
TARGET_EFM32GG11\\device\\TOOLCHAIN_ARM_STD\\startup_efm32gg11.S
   Uses
      At line 93 in file mbed-os\\targets\\TARGET_Silicon_Labs\\TARGET_EFM32\\T
ARGET_EFM32GG11\\device\\TOOLCHAIN_ARM_STD\\startup_efm32gg11.S
      At line 227 in file mbed-os\\targets\\TARGET_Silicon_Labs\\TARGET_EFM32\\
TARGET_EFM32GG11\\device\\TOOLCHAIN_ARM_STD\\startup_efm32gg11.S

I2C2_IRQHandler 0000001A

Symbol: I2C2_IRQHandler
   Definitions
      At line 330 in file mbed-os\\targets\\TARGET_Silicon_Labs\\TARGET_EFM32\\
TARGET_EFM32GG11\\device\\TOOLCHAIN_ARM_STD\\startup_efm32gg11.S
   Uses
      At line 126 in file mbed-os\\targets\\TARGET_Silicon_Labs\\TARGET_EFM32\\
TARGET_EFM32GG11\\device\\TOOLCHAIN_ARM_STD\\startup_efm32gg11.S
      At line 260 in file mbed-os\\targets\\TARGET_Silicon_Labs\\TARGET_EFM32\\
TARGET_EFM32GG11\\device\\TOOLCHAIN_ARM_STD\\startup_efm32gg11.S

IDAC0_IRQHandler 0000001A

Symbol: IDAC0_IRQHandler
   Definitions
      At line 295 in file mbed-os\\targets\\TARGET_Silicon_Labs\\TARGET_EFM32\\
TARGET_EFM32GG11\\device\\TOOLCHAIN_ARM_STD\\startup_efm32gg11.S
   Uses
      At line 91 in file mbed-os\\targets\\TARGET_Silicon_Labs\\TARGET_EFM32\\T
ARGET_EFM32GG11\\device\\TOOLCHAIN_ARM_STD\\startup_efm32gg11.S
      At line 225 in file mbed-os\\targets\\TARGET_Silicon_Labs\\TARGET_EFM32\\
TARGET_EFM32GG11\\device\\TOOLCHAIN_ARM_STD\\startup_efm32gg11.S

LCD_IRQHandler 0000001A



ARM Macro Assembler    Page 6 Alphabetic symbol ordering
Relocatable symbols


Symbol: LCD_IRQHandler
   Definitions
      At line 342 in file mbed-os\\targets\\TARGET_Silicon_Labs\\TARGET_EFM32\\
TARGET_EFM32GG11\\device\\TOOLCHAIN_ARM_STD\\startup_efm32gg11.S
   Uses
      At line 138 in file mbed-os\\targets\\TARGET_Silicon_Labs\\TARGET_EFM32\\
TARGET_EFM32GG11\\device\\TOOLCHAIN_ARM_STD\\startup_efm32gg11.S
      At line 272 in file mbed-os\\targets\\TARGET_Silicon_Labs\\TARGET_EFM32\\
TARGET_EFM32GG11\\device\\TOOLCHAIN_ARM_STD\\startup_efm32gg11.S

LDMA_IRQHandler 0000001A

Symbol: LDMA_IRQHandler
   Definitions
      At line 287 in file mbed-os\\targets\\TARGET_Silicon_Labs\\TARGET_EFM32\\
TARGET_EFM32GG11\\device\\TOOLCHAIN_ARM_STD\\startup_efm32gg11.S
   Uses
      At line 83 in file mbed-os\\targets\\TARGET_Silicon_Labs\\TARGET_EFM32\\T
ARGET_EFM32GG11\\device\\TOOLCHAIN_ARM_STD\\startup_efm32gg11.S
      At line 217 in file mbed-os\\targets\\TARGET_Silicon_Labs\\TARGET_EFM32\\
TARGET_EFM32GG11\\device\\TOOLCHAIN_ARM_STD\\startup_efm32gg11.S

LESENSE_IRQHandler 0000001A

Symbol: LESENSE_IRQHandler
   Definitions
      At line 338 in file mbed-os\\targets\\TARGET_Silicon_Labs\\TARGET_EFM32\\
TARGET_EFM32GG11\\device\\TOOLCHAIN_ARM_STD\\startup_efm32gg11.S
   Uses
      At line 134 in file mbed-os\\targets\\TARGET_Silicon_Labs\\TARGET_EFM32\\
TARGET_EFM32GG11\\device\\TOOLCHAIN_ARM_STD\\startup_efm32gg11.S
      At line 268 in file mbed-os\\targets\\TARGET_Silicon_Labs\\TARGET_EFM32\\
TARGET_EFM32GG11\\device\\TOOLCHAIN_ARM_STD\\startup_efm32gg11.S

LETIMER0_IRQHandler 0000001A

Symbol: LETIMER0_IRQHandler
   Definitions
      At line 312 in file mbed-os\\targets\\TARGET_Silicon_Labs\\TARGET_EFM32\\
TARGET_EFM32GG11\\device\\TOOLCHAIN_ARM_STD\\startup_efm32gg11.S
   Uses
      At line 108 in file mbed-os\\targets\\TARGET_Silicon_Labs\\TARGET_EFM32\\
TARGET_EFM32GG11\\device\\TOOLCHAIN_ARM_STD\\startup_efm32gg11.S
      At line 242 in file mbed-os\\targets\\TARGET_Silicon_Labs\\TARGET_EFM32\\
TARGET_EFM32GG11\\device\\TOOLCHAIN_ARM_STD\\startup_efm32gg11.S

LETIMER1_IRQHandler 0000001A

Symbol: LETIMER1_IRQHandler
   Definitions
      At line 350 in file mbed-os\\targets\\TARGET_Silicon_Labs\\TARGET_EFM32\\
TARGET_EFM32GG11\\device\\TOOLCHAIN_ARM_STD\\startup_efm32gg11.S
   Uses
      At line 146 in file mbed-os\\targets\\TARGET_Silicon_Labs\\TARGET_EFM32\\
TARGET_EFM32GG11\\device\\TOOLCHAIN_ARM_STD\\startup_efm32gg11.S
      At line 280 in file mbed-os\\targets\\TARGET_Silicon_Labs\\TARGET_EFM32\\
TARGET_EFM32GG11\\device\\TOOLCHAIN_ARM_STD\\startup_efm32gg11.S




ARM Macro Assembler    Page 7 Alphabetic symbol ordering
Relocatable symbols

LEUART0_IRQHandler 0000001A

Symbol: LEUART0_IRQHandler
   Definitions
      At line 310 in file mbed-os\\targets\\TARGET_Silicon_Labs\\TARGET_EFM32\\
TARGET_EFM32GG11\\device\\TOOLCHAIN_ARM_STD\\startup_efm32gg11.S
   Uses
      At line 106 in file mbed-os\\targets\\TARGET_Silicon_Labs\\TARGET_EFM32\\
TARGET_EFM32GG11\\device\\TOOLCHAIN_ARM_STD\\startup_efm32gg11.S
      At line 240 in file mbed-os\\targets\\TARGET_Silicon_Labs\\TARGET_EFM32\\
TARGET_EFM32GG11\\device\\TOOLCHAIN_ARM_STD\\startup_efm32gg11.S

LEUART1_IRQHandler 0000001A

Symbol: LEUART1_IRQHandler
   Definitions
      At line 311 in file mbed-os\\targets\\TARGET_Silicon_Labs\\TARGET_EFM32\\
TARGET_EFM32GG11\\device\\TOOLCHAIN_ARM_STD\\startup_efm32gg11.S
   Uses
      At line 107 in file mbed-os\\targets\\TARGET_Silicon_Labs\\TARGET_EFM32\\
TARGET_EFM32GG11\\device\\TOOLCHAIN_ARM_STD\\startup_efm32gg11.S
      At line 241 in file mbed-os\\targets\\TARGET_Silicon_Labs\\TARGET_EFM32\\
TARGET_EFM32GG11\\device\\TOOLCHAIN_ARM_STD\\startup_efm32gg11.S

MSC_IRQHandler 0000001A

Symbol: MSC_IRQHandler
   Definitions
      At line 318 in file mbed-os\\targets\\TARGET_Silicon_Labs\\TARGET_EFM32\\
TARGET_EFM32GG11\\device\\TOOLCHAIN_ARM_STD\\startup_efm32gg11.S
   Uses
      At line 114 in file mbed-os\\targets\\TARGET_Silicon_Labs\\TARGET_EFM32\\
TARGET_EFM32GG11\\device\\TOOLCHAIN_ARM_STD\\startup_efm32gg11.S
      At line 248 in file mbed-os\\targets\\TARGET_Silicon_Labs\\TARGET_EFM32\\
TARGET_EFM32GG11\\device\\TOOLCHAIN_ARM_STD\\startup_efm32gg11.S

MemManage_Handler 0000000C

Symbol: MemManage_Handler
   Definitions
      At line 180 in file mbed-os\\targets\\TARGET_Silicon_Labs\\TARGET_EFM32\\
TARGET_EFM32GG11\\device\\TOOLCHAIN_ARM_STD\\startup_efm32gg11.S
   Uses
      At line 66 in file mbed-os\\targets\\TARGET_Silicon_Labs\\TARGET_EFM32\\T
ARGET_EFM32GG11\\device\\TOOLCHAIN_ARM_STD\\startup_efm32gg11.S
      At line 182 in file mbed-os\\targets\\TARGET_Silicon_Labs\\TARGET_EFM32\\
TARGET_EFM32GG11\\device\\TOOLCHAIN_ARM_STD\\startup_efm32gg11.S

NMI_Handler 00000008

Symbol: NMI_Handler
   Definitions
      At line 171 in file mbed-os\\targets\\TARGET_Silicon_Labs\\TARGET_EFM32\\
TARGET_EFM32GG11\\device\\TOOLCHAIN_ARM_STD\\startup_efm32gg11.S
   Uses
      At line 64 in file mbed-os\\targets\\TARGET_Silicon_Labs\\TARGET_EFM32\\T
ARGET_EFM32GG11\\device\\TOOLCHAIN_ARM_STD\\startup_efm32gg11.S
      At line 172 in file mbed-os\\targets\\TARGET_Silicon_Labs\\TARGET_EFM32\\
TARGET_EFM32GG11\\device\\TOOLCHAIN_ARM_STD\\startup_efm32gg11.S



ARM Macro Assembler    Page 8 Alphabetic symbol ordering
Relocatable symbols


PCNT0_IRQHandler 0000001A

Symbol: PCNT0_IRQHandler
   Definitions
      At line 313 in file mbed-os\\targets\\TARGET_Silicon_Labs\\TARGET_EFM32\\
TARGET_EFM32GG11\\device\\TOOLCHAIN_ARM_STD\\startup_efm32gg11.S
   Uses
      At line 109 in file mbed-os\\targets\\TARGET_Silicon_Labs\\TARGET_EFM32\\
TARGET_EFM32GG11\\device\\TOOLCHAIN_ARM_STD\\startup_efm32gg11.S
      At line 243 in file mbed-os\\targets\\TARGET_Silicon_Labs\\TARGET_EFM32\\
TARGET_EFM32GG11\\device\\TOOLCHAIN_ARM_STD\\startup_efm32gg11.S

PCNT1_IRQHandler 0000001A

Symbol: PCNT1_IRQHandler
   Definitions
      At line 314 in file mbed-os\\targets\\TARGET_Silicon_Labs\\TARGET_EFM32\\
TARGET_EFM32GG11\\device\\TOOLCHAIN_ARM_STD\\startup_efm32gg11.S
   Uses
      At line 110 in file mbed-os\\targets\\TARGET_Silicon_Labs\\TARGET_EFM32\\
TARGET_EFM32GG11\\device\\TOOLCHAIN_ARM_STD\\startup_efm32gg11.S
      At line 244 in file mbed-os\\targets\\TARGET_Silicon_Labs\\TARGET_EFM32\\
TARGET_EFM32GG11\\device\\TOOLCHAIN_ARM_STD\\startup_efm32gg11.S

PCNT2_IRQHandler 0000001A

Symbol: PCNT2_IRQHandler
   Definitions
      At line 315 in file mbed-os\\targets\\TARGET_Silicon_Labs\\TARGET_EFM32\\
TARGET_EFM32GG11\\device\\TOOLCHAIN_ARM_STD\\startup_efm32gg11.S
   Uses
      At line 111 in file mbed-os\\targets\\TARGET_Silicon_Labs\\TARGET_EFM32\\
TARGET_EFM32GG11\\device\\TOOLCHAIN_ARM_STD\\startup_efm32gg11.S
      At line 245 in file mbed-os\\targets\\TARGET_Silicon_Labs\\TARGET_EFM32\\
TARGET_EFM32GG11\\device\\TOOLCHAIN_ARM_STD\\startup_efm32gg11.S

PendSV_Handler 00000016

Symbol: PendSV_Handler
   Definitions
      At line 204 in file mbed-os\\targets\\TARGET_Silicon_Labs\\TARGET_EFM32\\
TARGET_EFM32GG11\\device\\TOOLCHAIN_ARM_STD\\startup_efm32gg11.S
   Uses
      At line 76 in file mbed-os\\targets\\TARGET_Silicon_Labs\\TARGET_EFM32\\T
ARGET_EFM32GG11\\device\\TOOLCHAIN_ARM_STD\\startup_efm32gg11.S
      At line 205 in file mbed-os\\targets\\TARGET_Silicon_Labs\\TARGET_EFM32\\
TARGET_EFM32GG11\\device\\TOOLCHAIN_ARM_STD\\startup_efm32gg11.S

QSPI0_IRQHandler 0000001A

Symbol: QSPI0_IRQHandler
   Definitions
      At line 352 in file mbed-os\\targets\\TARGET_Silicon_Labs\\TARGET_EFM32\\
TARGET_EFM32GG11\\device\\TOOLCHAIN_ARM_STD\\startup_efm32gg11.S
   Uses
      At line 148 in file mbed-os\\targets\\TARGET_Silicon_Labs\\TARGET_EFM32\\
TARGET_EFM32GG11\\device\\TOOLCHAIN_ARM_STD\\startup_efm32gg11.S
      At line 282 in file mbed-os\\targets\\TARGET_Silicon_Labs\\TARGET_EFM32\\



ARM Macro Assembler    Page 9 Alphabetic symbol ordering
Relocatable symbols

TARGET_EFM32GG11\\device\\TOOLCHAIN_ARM_STD\\startup_efm32gg11.S

RTCC_IRQHandler 0000001A

Symbol: RTCC_IRQHandler
   Definitions
      At line 316 in file mbed-os\\targets\\TARGET_Silicon_Labs\\TARGET_EFM32\\
TARGET_EFM32GG11\\device\\TOOLCHAIN_ARM_STD\\startup_efm32gg11.S
   Uses
      At line 112 in file mbed-os\\targets\\TARGET_Silicon_Labs\\TARGET_EFM32\\
TARGET_EFM32GG11\\device\\TOOLCHAIN_ARM_STD\\startup_efm32gg11.S
      At line 246 in file mbed-os\\targets\\TARGET_Silicon_Labs\\TARGET_EFM32\\
TARGET_EFM32GG11\\device\\TOOLCHAIN_ARM_STD\\startup_efm32gg11.S

RTC_IRQHandler 0000001A

Symbol: RTC_IRQHandler
   Definitions
      At line 348 in file mbed-os\\targets\\TARGET_Silicon_Labs\\TARGET_EFM32\\
TARGET_EFM32GG11\\device\\TOOLCHAIN_ARM_STD\\startup_efm32gg11.S
   Uses
      At line 144 in file mbed-os\\targets\\TARGET_Silicon_Labs\\TARGET_EFM32\\
TARGET_EFM32GG11\\device\\TOOLCHAIN_ARM_STD\\startup_efm32gg11.S
      At line 278 in file mbed-os\\targets\\TARGET_Silicon_Labs\\TARGET_EFM32\\
TARGET_EFM32GG11\\device\\TOOLCHAIN_ARM_STD\\startup_efm32gg11.S

Reset_Handler 00000000

Symbol: Reset_Handler
   Definitions
      At line 158 in file mbed-os\\targets\\TARGET_Silicon_Labs\\TARGET_EFM32\\
TARGET_EFM32GG11\\device\\TOOLCHAIN_ARM_STD\\startup_efm32gg11.S
   Uses
      At line 63 in file mbed-os\\targets\\TARGET_Silicon_Labs\\TARGET_EFM32\\T
ARGET_EFM32GG11\\device\\TOOLCHAIN_ARM_STD\\startup_efm32gg11.S
      At line 159 in file mbed-os\\targets\\TARGET_Silicon_Labs\\TARGET_EFM32\\
TARGET_EFM32GG11\\device\\TOOLCHAIN_ARM_STD\\startup_efm32gg11.S

SDIO_IRQHandler 0000001A

Symbol: SDIO_IRQHandler
   Definitions
      At line 343 in file mbed-os\\targets\\TARGET_Silicon_Labs\\TARGET_EFM32\\
TARGET_EFM32GG11\\device\\TOOLCHAIN_ARM_STD\\startup_efm32gg11.S
   Uses
      At line 139 in file mbed-os\\targets\\TARGET_Silicon_Labs\\TARGET_EFM32\\
TARGET_EFM32GG11\\device\\TOOLCHAIN_ARM_STD\\startup_efm32gg11.S
      At line 273 in file mbed-os\\targets\\TARGET_Silicon_Labs\\TARGET_EFM32\\
TARGET_EFM32GG11\\device\\TOOLCHAIN_ARM_STD\\startup_efm32gg11.S

SMU_IRQHandler 0000001A

Symbol: SMU_IRQHandler
   Definitions
      At line 289 in file mbed-os\\targets\\TARGET_Silicon_Labs\\TARGET_EFM32\\
TARGET_EFM32GG11\\device\\TOOLCHAIN_ARM_STD\\startup_efm32gg11.S
   Uses
      At line 85 in file mbed-os\\targets\\TARGET_Silicon_Labs\\TARGET_EFM32\\T
ARGET_EFM32GG11\\device\\TOOLCHAIN_ARM_STD\\startup_efm32gg11.S



ARM Macro Assembler    Page 10 Alphabetic symbol ordering
Relocatable symbols

      At line 219 in file mbed-os\\targets\\TARGET_Silicon_Labs\\TARGET_EFM32\\
TARGET_EFM32GG11\\device\\TOOLCHAIN_ARM_STD\\startup_efm32gg11.S

SVC_Handler 00000012

Symbol: SVC_Handler
   Definitions
      At line 195 in file mbed-os\\targets\\TARGET_Silicon_Labs\\TARGET_EFM32\\
TARGET_EFM32GG11\\device\\TOOLCHAIN_ARM_STD\\startup_efm32gg11.S
   Uses
      At line 73 in file mbed-os\\targets\\TARGET_Silicon_Labs\\TARGET_EFM32\\T
ARGET_EFM32GG11\\device\\TOOLCHAIN_ARM_STD\\startup_efm32gg11.S
      At line 196 in file mbed-os\\targets\\TARGET_Silicon_Labs\\TARGET_EFM32\\
TARGET_EFM32GG11\\device\\TOOLCHAIN_ARM_STD\\startup_efm32gg11.S

SysTick_Handler 00000018

Symbol: SysTick_Handler
   Definitions
      At line 208 in file mbed-os\\targets\\TARGET_Silicon_Labs\\TARGET_EFM32\\
TARGET_EFM32GG11\\device\\TOOLCHAIN_ARM_STD\\startup_efm32gg11.S
   Uses
      At line 77 in file mbed-os\\targets\\TARGET_Silicon_Labs\\TARGET_EFM32\\T
ARGET_EFM32GG11\\device\\TOOLCHAIN_ARM_STD\\startup_efm32gg11.S
      At line 209 in file mbed-os\\targets\\TARGET_Silicon_Labs\\TARGET_EFM32\\
TARGET_EFM32GG11\\device\\TOOLCHAIN_ARM_STD\\startup_efm32gg11.S

TIMER0_IRQHandler 0000001A

Symbol: TIMER0_IRQHandler
   Definitions
      At line 290 in file mbed-os\\targets\\TARGET_Silicon_Labs\\TARGET_EFM32\\
TARGET_EFM32GG11\\device\\TOOLCHAIN_ARM_STD\\startup_efm32gg11.S
   Uses
      At line 86 in file mbed-os\\targets\\TARGET_Silicon_Labs\\TARGET_EFM32\\T
ARGET_EFM32GG11\\device\\TOOLCHAIN_ARM_STD\\startup_efm32gg11.S
      At line 220 in file mbed-os\\targets\\TARGET_Silicon_Labs\\TARGET_EFM32\\
TARGET_EFM32GG11\\device\\TOOLCHAIN_ARM_STD\\startup_efm32gg11.S

TIMER1_IRQHandler 0000001A

Symbol: TIMER1_IRQHandler
   Definitions
      At line 299 in file mbed-os\\targets\\TARGET_Silicon_Labs\\TARGET_EFM32\\
TARGET_EFM32GG11\\device\\TOOLCHAIN_ARM_STD\\startup_efm32gg11.S
   Uses
      At line 95 in file mbed-os\\targets\\TARGET_Silicon_Labs\\TARGET_EFM32\\T
ARGET_EFM32GG11\\device\\TOOLCHAIN_ARM_STD\\startup_efm32gg11.S
      At line 229 in file mbed-os\\targets\\TARGET_Silicon_Labs\\TARGET_EFM32\\
TARGET_EFM32GG11\\device\\TOOLCHAIN_ARM_STD\\startup_efm32gg11.S

TIMER2_IRQHandler 0000001A

Symbol: TIMER2_IRQHandler
   Definitions
      At line 300 in file mbed-os\\targets\\TARGET_Silicon_Labs\\TARGET_EFM32\\
TARGET_EFM32GG11\\device\\TOOLCHAIN_ARM_STD\\startup_efm32gg11.S
   Uses
      At line 96 in file mbed-os\\targets\\TARGET_Silicon_Labs\\TARGET_EFM32\\T



ARM Macro Assembler    Page 11 Alphabetic symbol ordering
Relocatable symbols

ARGET_EFM32GG11\\device\\TOOLCHAIN_ARM_STD\\startup_efm32gg11.S
      At line 230 in file mbed-os\\targets\\TARGET_Silicon_Labs\\TARGET_EFM32\\
TARGET_EFM32GG11\\device\\TOOLCHAIN_ARM_STD\\startup_efm32gg11.S

TIMER3_IRQHandler 0000001A

Symbol: TIMER3_IRQHandler
   Definitions
      At line 301 in file mbed-os\\targets\\TARGET_Silicon_Labs\\TARGET_EFM32\\
TARGET_EFM32GG11\\device\\TOOLCHAIN_ARM_STD\\startup_efm32gg11.S
   Uses
      At line 97 in file mbed-os\\targets\\TARGET_Silicon_Labs\\TARGET_EFM32\\T
ARGET_EFM32GG11\\device\\TOOLCHAIN_ARM_STD\\startup_efm32gg11.S
      At line 231 in file mbed-os\\targets\\TARGET_Silicon_Labs\\TARGET_EFM32\\
TARGET_EFM32GG11\\device\\TOOLCHAIN_ARM_STD\\startup_efm32gg11.S

TIMER4_IRQHandler 0000001A

Symbol: TIMER4_IRQHandler
   Definitions
      At line 332 in file mbed-os\\targets\\TARGET_Silicon_Labs\\TARGET_EFM32\\
TARGET_EFM32GG11\\device\\TOOLCHAIN_ARM_STD\\startup_efm32gg11.S
   Uses
      At line 128 in file mbed-os\\targets\\TARGET_Silicon_Labs\\TARGET_EFM32\\
TARGET_EFM32GG11\\device\\TOOLCHAIN_ARM_STD\\startup_efm32gg11.S
      At line 262 in file mbed-os\\targets\\TARGET_Silicon_Labs\\TARGET_EFM32\\
TARGET_EFM32GG11\\device\\TOOLCHAIN_ARM_STD\\startup_efm32gg11.S

TIMER5_IRQHandler 0000001A

Symbol: TIMER5_IRQHandler
   Definitions
      At line 333 in file mbed-os\\targets\\TARGET_Silicon_Labs\\TARGET_EFM32\\
TARGET_EFM32GG11\\device\\TOOLCHAIN_ARM_STD\\startup_efm32gg11.S
   Uses
      At line 129 in file mbed-os\\targets\\TARGET_Silicon_Labs\\TARGET_EFM32\\
TARGET_EFM32GG11\\device\\TOOLCHAIN_ARM_STD\\startup_efm32gg11.S
      At line 263 in file mbed-os\\targets\\TARGET_Silicon_Labs\\TARGET_EFM32\\
TARGET_EFM32GG11\\device\\TOOLCHAIN_ARM_STD\\startup_efm32gg11.S

TIMER6_IRQHandler 0000001A

Symbol: TIMER6_IRQHandler
   Definitions
      At line 334 in file mbed-os\\targets\\TARGET_Silicon_Labs\\TARGET_EFM32\\
TARGET_EFM32GG11\\device\\TOOLCHAIN_ARM_STD\\startup_efm32gg11.S
   Uses
      At line 130 in file mbed-os\\targets\\TARGET_Silicon_Labs\\TARGET_EFM32\\
TARGET_EFM32GG11\\device\\TOOLCHAIN_ARM_STD\\startup_efm32gg11.S
      At line 264 in file mbed-os\\targets\\TARGET_Silicon_Labs\\TARGET_EFM32\\
TARGET_EFM32GG11\\device\\TOOLCHAIN_ARM_STD\\startup_efm32gg11.S

TRNG0_IRQHandler 0000001A

Symbol: TRNG0_IRQHandler
   Definitions
      At line 351 in file mbed-os\\targets\\TARGET_Silicon_Labs\\TARGET_EFM32\\
TARGET_EFM32GG11\\device\\TOOLCHAIN_ARM_STD\\startup_efm32gg11.S
   Uses



ARM Macro Assembler    Page 12 Alphabetic symbol ordering
Relocatable symbols

      At line 147 in file mbed-os\\targets\\TARGET_Silicon_Labs\\TARGET_EFM32\\
TARGET_EFM32GG11\\device\\TOOLCHAIN_ARM_STD\\startup_efm32gg11.S
      At line 281 in file mbed-os\\targets\\TARGET_Silicon_Labs\\TARGET_EFM32\\
TARGET_EFM32GG11\\device\\TOOLCHAIN_ARM_STD\\startup_efm32gg11.S

UART0_RX_IRQHandler 0000001A

Symbol: UART0_RX_IRQHandler
   Definitions
      At line 306 in file mbed-os\\targets\\TARGET_Silicon_Labs\\TARGET_EFM32\\
TARGET_EFM32GG11\\device\\TOOLCHAIN_ARM_STD\\startup_efm32gg11.S
   Uses
      At line 102 in file mbed-os\\targets\\TARGET_Silicon_Labs\\TARGET_EFM32\\
TARGET_EFM32GG11\\device\\TOOLCHAIN_ARM_STD\\startup_efm32gg11.S
      At line 236 in file mbed-os\\targets\\TARGET_Silicon_Labs\\TARGET_EFM32\\
TARGET_EFM32GG11\\device\\TOOLCHAIN_ARM_STD\\startup_efm32gg11.S

UART0_TX_IRQHandler 0000001A

Symbol: UART0_TX_IRQHandler
   Definitions
      At line 307 in file mbed-os\\targets\\TARGET_Silicon_Labs\\TARGET_EFM32\\
TARGET_EFM32GG11\\device\\TOOLCHAIN_ARM_STD\\startup_efm32gg11.S
   Uses
      At line 103 in file mbed-os\\targets\\TARGET_Silicon_Labs\\TARGET_EFM32\\
TARGET_EFM32GG11\\device\\TOOLCHAIN_ARM_STD\\startup_efm32gg11.S
      At line 237 in file mbed-os\\targets\\TARGET_Silicon_Labs\\TARGET_EFM32\\
TARGET_EFM32GG11\\device\\TOOLCHAIN_ARM_STD\\startup_efm32gg11.S

UART1_RX_IRQHandler 0000001A

Symbol: UART1_RX_IRQHandler
   Definitions
      At line 308 in file mbed-os\\targets\\TARGET_Silicon_Labs\\TARGET_EFM32\\
TARGET_EFM32GG11\\device\\TOOLCHAIN_ARM_STD\\startup_efm32gg11.S
   Uses
      At line 104 in file mbed-os\\targets\\TARGET_Silicon_Labs\\TARGET_EFM32\\
TARGET_EFM32GG11\\device\\TOOLCHAIN_ARM_STD\\startup_efm32gg11.S
      At line 238 in file mbed-os\\targets\\TARGET_Silicon_Labs\\TARGET_EFM32\\
TARGET_EFM32GG11\\device\\TOOLCHAIN_ARM_STD\\startup_efm32gg11.S

UART1_TX_IRQHandler 0000001A

Symbol: UART1_TX_IRQHandler
   Definitions
      At line 309 in file mbed-os\\targets\\TARGET_Silicon_Labs\\TARGET_EFM32\\
TARGET_EFM32GG11\\device\\TOOLCHAIN_ARM_STD\\startup_efm32gg11.S
   Uses
      At line 105 in file mbed-os\\targets\\TARGET_Silicon_Labs\\TARGET_EFM32\\
TARGET_EFM32GG11\\device\\TOOLCHAIN_ARM_STD\\startup_efm32gg11.S
      At line 239 in file mbed-os\\targets\\TARGET_Silicon_Labs\\TARGET_EFM32\\
TARGET_EFM32GG11\\device\\TOOLCHAIN_ARM_STD\\startup_efm32gg11.S

USART0_RX_IRQHandler 0000001A

Symbol: USART0_RX_IRQHandler
   Definitions
      At line 291 in file mbed-os\\targets\\TARGET_Silicon_Labs\\TARGET_EFM32\\
TARGET_EFM32GG11\\device\\TOOLCHAIN_ARM_STD\\startup_efm32gg11.S



ARM Macro Assembler    Page 13 Alphabetic symbol ordering
Relocatable symbols

   Uses
      At line 87 in file mbed-os\\targets\\TARGET_Silicon_Labs\\TARGET_EFM32\\T
ARGET_EFM32GG11\\device\\TOOLCHAIN_ARM_STD\\startup_efm32gg11.S
      At line 221 in file mbed-os\\targets\\TARGET_Silicon_Labs\\TARGET_EFM32\\
TARGET_EFM32GG11\\device\\TOOLCHAIN_ARM_STD\\startup_efm32gg11.S

USART0_TX_IRQHandler 0000001A

Symbol: USART0_TX_IRQHandler
   Definitions
      At line 292 in file mbed-os\\targets\\TARGET_Silicon_Labs\\TARGET_EFM32\\
TARGET_EFM32GG11\\device\\TOOLCHAIN_ARM_STD\\startup_efm32gg11.S
   Uses
      At line 88 in file mbed-os\\targets\\TARGET_Silicon_Labs\\TARGET_EFM32\\T
ARGET_EFM32GG11\\device\\TOOLCHAIN_ARM_STD\\startup_efm32gg11.S
      At line 222 in file mbed-os\\targets\\TARGET_Silicon_Labs\\TARGET_EFM32\\
TARGET_EFM32GG11\\device\\TOOLCHAIN_ARM_STD\\startup_efm32gg11.S

USART1_RX_IRQHandler 0000001A

Symbol: USART1_RX_IRQHandler
   Definitions
      At line 302 in file mbed-os\\targets\\TARGET_Silicon_Labs\\TARGET_EFM32\\
TARGET_EFM32GG11\\device\\TOOLCHAIN_ARM_STD\\startup_efm32gg11.S
   Uses
      At line 98 in file mbed-os\\targets\\TARGET_Silicon_Labs\\TARGET_EFM32\\T
ARGET_EFM32GG11\\device\\TOOLCHAIN_ARM_STD\\startup_efm32gg11.S
      At line 232 in file mbed-os\\targets\\TARGET_Silicon_Labs\\TARGET_EFM32\\
TARGET_EFM32GG11\\device\\TOOLCHAIN_ARM_STD\\startup_efm32gg11.S

USART1_TX_IRQHandler 0000001A

Symbol: USART1_TX_IRQHandler
   Definitions
      At line 303 in file mbed-os\\targets\\TARGET_Silicon_Labs\\TARGET_EFM32\\
TARGET_EFM32GG11\\device\\TOOLCHAIN_ARM_STD\\startup_efm32gg11.S
   Uses
      At line 99 in file mbed-os\\targets\\TARGET_Silicon_Labs\\TARGET_EFM32\\T
ARGET_EFM32GG11\\device\\TOOLCHAIN_ARM_STD\\startup_efm32gg11.S
      At line 233 in file mbed-os\\targets\\TARGET_Silicon_Labs\\TARGET_EFM32\\
TARGET_EFM32GG11\\device\\TOOLCHAIN_ARM_STD\\startup_efm32gg11.S

USART2_RX_IRQHandler 0000001A

Symbol: USART2_RX_IRQHandler
   Definitions
      At line 304 in file mbed-os\\targets\\TARGET_Silicon_Labs\\TARGET_EFM32\\
TARGET_EFM32GG11\\device\\TOOLCHAIN_ARM_STD\\startup_efm32gg11.S
   Uses
      At line 100 in file mbed-os\\targets\\TARGET_Silicon_Labs\\TARGET_EFM32\\
TARGET_EFM32GG11\\device\\TOOLCHAIN_ARM_STD\\startup_efm32gg11.S
      At line 234 in file mbed-os\\targets\\TARGET_Silicon_Labs\\TARGET_EFM32\\
TARGET_EFM32GG11\\device\\TOOLCHAIN_ARM_STD\\startup_efm32gg11.S

USART2_TX_IRQHandler 0000001A

Symbol: USART2_TX_IRQHandler
   Definitions
      At line 305 in file mbed-os\\targets\\TARGET_Silicon_Labs\\TARGET_EFM32\\



ARM Macro Assembler    Page 14 Alphabetic symbol ordering
Relocatable symbols

TARGET_EFM32GG11\\device\\TOOLCHAIN_ARM_STD\\startup_efm32gg11.S
   Uses
      At line 101 in file mbed-os\\targets\\TARGET_Silicon_Labs\\TARGET_EFM32\\
TARGET_EFM32GG11\\device\\TOOLCHAIN_ARM_STD\\startup_efm32gg11.S
      At line 235 in file mbed-os\\targets\\TARGET_Silicon_Labs\\TARGET_EFM32\\
TARGET_EFM32GG11\\device\\TOOLCHAIN_ARM_STD\\startup_efm32gg11.S

USART3_RX_IRQHandler 0000001A

Symbol: USART3_RX_IRQHandler
   Definitions
      At line 322 in file mbed-os\\targets\\TARGET_Silicon_Labs\\TARGET_EFM32\\
TARGET_EFM32GG11\\device\\TOOLCHAIN_ARM_STD\\startup_efm32gg11.S
   Uses
      At line 118 in file mbed-os\\targets\\TARGET_Silicon_Labs\\TARGET_EFM32\\
TARGET_EFM32GG11\\device\\TOOLCHAIN_ARM_STD\\startup_efm32gg11.S
      At line 252 in file mbed-os\\targets\\TARGET_Silicon_Labs\\TARGET_EFM32\\
TARGET_EFM32GG11\\device\\TOOLCHAIN_ARM_STD\\startup_efm32gg11.S

USART3_TX_IRQHandler 0000001A

Symbol: USART3_TX_IRQHandler
   Definitions
      At line 323 in file mbed-os\\targets\\TARGET_Silicon_Labs\\TARGET_EFM32\\
TARGET_EFM32GG11\\device\\TOOLCHAIN_ARM_STD\\startup_efm32gg11.S
   Uses
      At line 119 in file mbed-os\\targets\\TARGET_Silicon_Labs\\TARGET_EFM32\\
TARGET_EFM32GG11\\device\\TOOLCHAIN_ARM_STD\\startup_efm32gg11.S
      At line 253 in file mbed-os\\targets\\TARGET_Silicon_Labs\\TARGET_EFM32\\
TARGET_EFM32GG11\\device\\TOOLCHAIN_ARM_STD\\startup_efm32gg11.S

USART4_RX_IRQHandler 0000001A

Symbol: USART4_RX_IRQHandler
   Definitions
      At line 324 in file mbed-os\\targets\\TARGET_Silicon_Labs\\TARGET_EFM32\\
TARGET_EFM32GG11\\device\\TOOLCHAIN_ARM_STD\\startup_efm32gg11.S
   Uses
      At line 120 in file mbed-os\\targets\\TARGET_Silicon_Labs\\TARGET_EFM32\\
TARGET_EFM32GG11\\device\\TOOLCHAIN_ARM_STD\\startup_efm32gg11.S
      At line 254 in file mbed-os\\targets\\TARGET_Silicon_Labs\\TARGET_EFM32\\
TARGET_EFM32GG11\\device\\TOOLCHAIN_ARM_STD\\startup_efm32gg11.S

USART4_TX_IRQHandler 0000001A

Symbol: USART4_TX_IRQHandler
   Definitions
      At line 325 in file mbed-os\\targets\\TARGET_Silicon_Labs\\TARGET_EFM32\\
TARGET_EFM32GG11\\device\\TOOLCHAIN_ARM_STD\\startup_efm32gg11.S
   Uses
      At line 121 in file mbed-os\\targets\\TARGET_Silicon_Labs\\TARGET_EFM32\\
TARGET_EFM32GG11\\device\\TOOLCHAIN_ARM_STD\\startup_efm32gg11.S
      At line 255 in file mbed-os\\targets\\TARGET_Silicon_Labs\\TARGET_EFM32\\
TARGET_EFM32GG11\\device\\TOOLCHAIN_ARM_STD\\startup_efm32gg11.S

USART5_RX_IRQHandler 0000001A

Symbol: USART5_RX_IRQHandler
   Definitions



ARM Macro Assembler    Page 15 Alphabetic symbol ordering
Relocatable symbols

      At line 335 in file mbed-os\\targets\\TARGET_Silicon_Labs\\TARGET_EFM32\\
TARGET_EFM32GG11\\device\\TOOLCHAIN_ARM_STD\\startup_efm32gg11.S
   Uses
      At line 131 in file mbed-os\\targets\\TARGET_Silicon_Labs\\TARGET_EFM32\\
TARGET_EFM32GG11\\device\\TOOLCHAIN_ARM_STD\\startup_efm32gg11.S
      At line 265 in file mbed-os\\targets\\TARGET_Silicon_Labs\\TARGET_EFM32\\
TARGET_EFM32GG11\\device\\TOOLCHAIN_ARM_STD\\startup_efm32gg11.S

USART5_TX_IRQHandler 0000001A

Symbol: USART5_TX_IRQHandler
   Definitions
      At line 336 in file mbed-os\\targets\\TARGET_Silicon_Labs\\TARGET_EFM32\\
TARGET_EFM32GG11\\device\\TOOLCHAIN_ARM_STD\\startup_efm32gg11.S
   Uses
      At line 132 in file mbed-os\\targets\\TARGET_Silicon_Labs\\TARGET_EFM32\\
TARGET_EFM32GG11\\device\\TOOLCHAIN_ARM_STD\\startup_efm32gg11.S
      At line 266 in file mbed-os\\targets\\TARGET_Silicon_Labs\\TARGET_EFM32\\
TARGET_EFM32GG11\\device\\TOOLCHAIN_ARM_STD\\startup_efm32gg11.S

USB_IRQHandler 0000001A

Symbol: USB_IRQHandler
   Definitions
      At line 347 in file mbed-os\\targets\\TARGET_Silicon_Labs\\TARGET_EFM32\\
TARGET_EFM32GG11\\device\\TOOLCHAIN_ARM_STD\\startup_efm32gg11.S
   Uses
      At line 143 in file mbed-os\\targets\\TARGET_Silicon_Labs\\TARGET_EFM32\\
TARGET_EFM32GG11\\device\\TOOLCHAIN_ARM_STD\\startup_efm32gg11.S
      At line 277 in file mbed-os\\targets\\TARGET_Silicon_Labs\\TARGET_EFM32\\
TARGET_EFM32GG11\\device\\TOOLCHAIN_ARM_STD\\startup_efm32gg11.S

UsageFault_Handler 00000010

Symbol: UsageFault_Handler
   Definitions
      At line 190 in file mbed-os\\targets\\TARGET_Silicon_Labs\\TARGET_EFM32\\
TARGET_EFM32GG11\\device\\TOOLCHAIN_ARM_STD\\startup_efm32gg11.S
   Uses
      At line 68 in file mbed-os\\targets\\TARGET_Silicon_Labs\\TARGET_EFM32\\T
ARGET_EFM32GG11\\device\\TOOLCHAIN_ARM_STD\\startup_efm32gg11.S
      At line 192 in file mbed-os\\targets\\TARGET_Silicon_Labs\\TARGET_EFM32\\
TARGET_EFM32GG11\\device\\TOOLCHAIN_ARM_STD\\startup_efm32gg11.S

VDAC0_IRQHandler 0000001A

Symbol: VDAC0_IRQHandler
   Definitions
      At line 331 in file mbed-os\\targets\\TARGET_Silicon_Labs\\TARGET_EFM32\\
TARGET_EFM32GG11\\device\\TOOLCHAIN_ARM_STD\\startup_efm32gg11.S
   Uses
      At line 127 in file mbed-os\\targets\\TARGET_Silicon_Labs\\TARGET_EFM32\\
TARGET_EFM32GG11\\device\\TOOLCHAIN_ARM_STD\\startup_efm32gg11.S
      At line 261 in file mbed-os\\targets\\TARGET_Silicon_Labs\\TARGET_EFM32\\
TARGET_EFM32GG11\\device\\TOOLCHAIN_ARM_STD\\startup_efm32gg11.S

WDOG0_IRQHandler 0000001A

Symbol: WDOG0_IRQHandler



ARM Macro Assembler    Page 16 Alphabetic symbol ordering
Relocatable symbols

   Definitions
      At line 286 in file mbed-os\\targets\\TARGET_Silicon_Labs\\TARGET_EFM32\\
TARGET_EFM32GG11\\device\\TOOLCHAIN_ARM_STD\\startup_efm32gg11.S
   Uses
      At line 82 in file mbed-os\\targets\\TARGET_Silicon_Labs\\TARGET_EFM32\\T
ARGET_EFM32GG11\\device\\TOOLCHAIN_ARM_STD\\startup_efm32gg11.S
      At line 216 in file mbed-os\\targets\\TARGET_Silicon_Labs\\TARGET_EFM32\\
TARGET_EFM32GG11\\device\\TOOLCHAIN_ARM_STD\\startup_efm32gg11.S

WDOG1_IRQHandler 0000001A

Symbol: WDOG1_IRQHandler
   Definitions
      At line 349 in file mbed-os\\targets\\TARGET_Silicon_Labs\\TARGET_EFM32\\
TARGET_EFM32GG11\\device\\TOOLCHAIN_ARM_STD\\startup_efm32gg11.S
   Uses
      At line 145 in file mbed-os\\targets\\TARGET_Silicon_Labs\\TARGET_EFM32\\
TARGET_EFM32GG11\\device\\TOOLCHAIN_ARM_STD\\startup_efm32gg11.S
      At line 279 in file mbed-os\\targets\\TARGET_Silicon_Labs\\TARGET_EFM32\\
TARGET_EFM32GG11\\device\\TOOLCHAIN_ARM_STD\\startup_efm32gg11.S

WTIMER0_IRQHandler 0000001A

Symbol: WTIMER0_IRQHandler
   Definitions
      At line 326 in file mbed-os\\targets\\TARGET_Silicon_Labs\\TARGET_EFM32\\
TARGET_EFM32GG11\\device\\TOOLCHAIN_ARM_STD\\startup_efm32gg11.S
   Uses
      At line 122 in file mbed-os\\targets\\TARGET_Silicon_Labs\\TARGET_EFM32\\
TARGET_EFM32GG11\\device\\TOOLCHAIN_ARM_STD\\startup_efm32gg11.S
      At line 256 in file mbed-os\\targets\\TARGET_Silicon_Labs\\TARGET_EFM32\\
TARGET_EFM32GG11\\device\\TOOLCHAIN_ARM_STD\\startup_efm32gg11.S

WTIMER1_IRQHandler 0000001A

Symbol: WTIMER1_IRQHandler
   Definitions
      At line 327 in file mbed-os\\targets\\TARGET_Silicon_Labs\\TARGET_EFM32\\
TARGET_EFM32GG11\\device\\TOOLCHAIN_ARM_STD\\startup_efm32gg11.S
   Uses
      At line 123 in file mbed-os\\targets\\TARGET_Silicon_Labs\\TARGET_EFM32\\
TARGET_EFM32GG11\\device\\TOOLCHAIN_ARM_STD\\startup_efm32gg11.S
      At line 257 in file mbed-os\\targets\\TARGET_Silicon_Labs\\TARGET_EFM32\\
TARGET_EFM32GG11\\device\\TOOLCHAIN_ARM_STD\\startup_efm32gg11.S

WTIMER2_IRQHandler 0000001A

Symbol: WTIMER2_IRQHandler
   Definitions
      At line 328 in file mbed-os\\targets\\TARGET_Silicon_Labs\\TARGET_EFM32\\
TARGET_EFM32GG11\\device\\TOOLCHAIN_ARM_STD\\startup_efm32gg11.S
   Uses
      At line 124 in file mbed-os\\targets\\TARGET_Silicon_Labs\\TARGET_EFM32\\
TARGET_EFM32GG11\\device\\TOOLCHAIN_ARM_STD\\startup_efm32gg11.S
      At line 258 in file mbed-os\\targets\\TARGET_Silicon_Labs\\TARGET_EFM32\\
TARGET_EFM32GG11\\device\\TOOLCHAIN_ARM_STD\\startup_efm32gg11.S

WTIMER3_IRQHandler 0000001A




ARM Macro Assembler    Page 17 Alphabetic symbol ordering
Relocatable symbols

Symbol: WTIMER3_IRQHandler
   Definitions
      At line 329 in file mbed-os\\targets\\TARGET_Silicon_Labs\\TARGET_EFM32\\
TARGET_EFM32GG11\\device\\TOOLCHAIN_ARM_STD\\startup_efm32gg11.S
   Uses
      At line 125 in file mbed-os\\targets\\TARGET_Silicon_Labs\\TARGET_EFM32\\
TARGET_EFM32GG11\\device\\TOOLCHAIN_ARM_STD\\startup_efm32gg11.S
      At line 259 in file mbed-os\\targets\\TARGET_Silicon_Labs\\TARGET_EFM32\\
TARGET_EFM32GG11\\device\\TOOLCHAIN_ARM_STD\\startup_efm32gg11.S

__user_initial_stackheap 0000001C

Symbol: __user_initial_stackheap
   Definitions
      At line 363 in file mbed-os\\targets\\TARGET_Silicon_Labs\\TARGET_EFM32\\
TARGET_EFM32GG11\\device\\TOOLCHAIN_ARM_STD\\startup_efm32gg11.S
   Uses
      At line 361 in file mbed-os\\targets\\TARGET_Silicon_Labs\\TARGET_EFM32\\
TARGET_EFM32GG11\\device\\TOOLCHAIN_ARM_STD\\startup_efm32gg11.S
Comment: __user_initial_stackheap used once
81 symbols



ARM Macro Assembler    Page 1 Alphabetic symbol ordering
Absolute symbols

Heap_Size 00010000

Symbol: Heap_Size
   Definitions
      At line 43 in file mbed-os\\targets\\TARGET_Silicon_Labs\\TARGET_EFM32\\T
ARGET_EFM32GG11\\device\\TOOLCHAIN_ARM_STD\\startup_efm32gg11.S
   Uses
      At line 47 in file mbed-os\\targets\\TARGET_Silicon_Labs\\TARGET_EFM32\\T
ARGET_EFM32GG11\\device\\TOOLCHAIN_ARM_STD\\startup_efm32gg11.S
      At line 366 in file mbed-os\\targets\\TARGET_Silicon_Labs\\TARGET_EFM32\\
TARGET_EFM32GG11\\device\\TOOLCHAIN_ARM_STD\\startup_efm32gg11.S

Stack_Size 00004000

Symbol: Stack_Size
   Definitions
      At line 32 in file mbed-os\\targets\\TARGET_Silicon_Labs\\TARGET_EFM32\\T
ARGET_EFM32GG11\\device\\TOOLCHAIN_ARM_STD\\startup_efm32gg11.S
   Uses
      At line 35 in file mbed-os\\targets\\TARGET_Silicon_Labs\\TARGET_EFM32\\T
ARGET_EFM32GG11\\device\\TOOLCHAIN_ARM_STD\\startup_efm32gg11.S
      At line 365 in file mbed-os\\targets\\TARGET_Silicon_Labs\\TARGET_EFM32\\
TARGET_EFM32GG11\\device\\TOOLCHAIN_ARM_STD\\startup_efm32gg11.S

__Vectors_Size 00000150

Symbol: __Vectors_Size
   Definitions
      At line 151 in file mbed-os\\targets\\TARGET_Silicon_Labs\\TARGET_EFM32\\
TARGET_EFM32GG11\\device\\TOOLCHAIN_ARM_STD\\startup_efm32gg11.S
   Uses
      At line 60 in file mbed-os\\targets\\TARGET_Silicon_Labs\\TARGET_EFM32\\T
ARGET_EFM32GG11\\device\\TOOLCHAIN_ARM_STD\\startup_efm32gg11.S
Comment: __Vectors_Size used once
3 symbols



ARM Macro Assembler    Page 1 Alphabetic symbol ordering
External symbols

SystemInit 00000000

Symbol: SystemInit
   Definitions
      At line 160 in file mbed-os\\targets\\TARGET_Silicon_Labs\\TARGET_EFM32\\
TARGET_EFM32GG11\\device\\TOOLCHAIN_ARM_STD\\startup_efm32gg11.S
   Uses
      At line 162 in file mbed-os\\targets\\TARGET_Silicon_Labs\\TARGET_EFM32\\
TARGET_EFM32GG11\\device\\TOOLCHAIN_ARM_STD\\startup_efm32gg11.S
Comment: SystemInit used once
__main 00000000

Symbol: __main
   Definitions
      At line 161 in file mbed-os\\targets\\TARGET_Silicon_Labs\\TARGET_EFM32\\
TARGET_EFM32GG11\\device\\TOOLCHAIN_ARM_STD\\startup_efm32gg11.S
   Uses
      At line 164 in file mbed-os\\targets\\TARGET_Silicon_Labs\\TARGET_EFM32\\
TARGET_EFM32GG11\\device\\TOOLCHAIN_ARM_STD\\startup_efm32gg11.S
Comment: __main used once
__use_two_region_memory 00000000

Symbol: __use_two_region_memory
   Definitions
      At line 360 in file mbed-os\\targets\\TARGET_Silicon_Labs\\TARGET_EFM32\\
TARGET_EFM32GG11\\device\\TOOLCHAIN_ARM_STD\\startup_efm32gg11.S
   Uses
      None
Comment: __use_two_region_memory unused
3 symbols
432 symbols in table
